<?xml version="1.0" encoding="UTF-8"?>
<!-- Generated by org.testng.reporters.JUnitXMLReporter -->
<testsuite hostname="RSPLWS076" name="Atlas Unit Booking" tests="3" failures="0" timestamp="11 Dec 2013 07:08:04 GMT" time="512.261" errors="0">
  <testcase name="searchAvailability" time="143.085" classname="com.rishabhSoft.selenium.JCDecaux.testScripts.AtlasSearch"/>
  <testcase name="atlasUnitBooking" time="161.683" classname="com.rishabhSoft.selenium.JCDecaux.testScripts.AtlasSearch"/>
  <testcase name="verifyBookedUnit" time="144.023" classname="com.rishabhSoft.selenium.JCDecaux.testScripts.AtlasSearch"/>
</testsuite>
